<?xml version="1.0" encoding="UTF-8"?>
<testsuite xmlns:xsi="http://www.w3.org/2001/XMLSchema-instance" xsi:noNamespaceSchemaLocation="https://maven.apache.org/surefire/maven-surefire-plugin/xsd/surefire-test-report.xsd" name="RunCukesTest" time="6.252" tests="1" errors="0" skipped="0" failures="1">
  <properties>
    <property name="sun.desktop" value="windows"/>
    <property name="awt.toolkit" value="sun.awt.windows.WToolkit"/>
    <property name="file.encoding.pkg" value="sun.io"/>
    <property name="java.specification.version" value="1.8"/>
    <property name="sun.cpu.isalist" value="amd64"/>
    <property name="sun.jnu.encoding" value="Cp1252"/>
    <property name="java.class.path" value="C:\Users\jvendi\Downloads\GITJagsPracticeFrom\jagsEvergreen\target\test-classes;C:\Users\jvendi\Downloads\GITJagsPracticeFrom\jagsEvergreen\target\classes;C:\Users\jvendi\.m2\repository\org\codehaus\jackson\jackson-jaxrs\1.9.13\jackson-jaxrs-1.9.13.jar;C:\Users\jvendi\.m2\repository\org\codehaus\jackson\jackson-core-asl\1.9.13\jackson-core-asl-1.9.13.jar;C:\Users\jvendi\.m2\repository\com\google\gdata\core\1.47.1\core-1.47.1.jar;C:\Users\jvendi\.m2\repository\com\google\guava\guava\13.0.1\guava-13.0.1.jar;C:\Users\jvendi\.m2\repository\com\google\oauth-client\google-oauth-client-jetty\1.11.0-beta\google-oauth-client-jetty-1.11.0-beta.jar;C:\Users\jvendi\.m2\repository\com\google\oauth-client\google-oauth-client-java6\1.11.0-beta\google-oauth-client-java6-1.11.0-beta.jar;C:\Users\jvendi\.m2\repository\com\google\oauth-client\google-oauth-client\1.11.0-beta\google-oauth-client-1.11.0-beta.jar;C:\Users\jvendi\.m2\repository\com\google\http-client\google-http-client\1.11.0-beta\google-http-client-1.11.0-beta.jar;C:\Users\jvendi\.m2\repository\xpp3\xpp3\1.1.4c\xpp3-1.1.4c.jar;C:\Users\jvendi\.m2\repository\com\google\code\findbugs\jsr305\1.3.7\jsr305-1.3.7.jar;C:\Users\jvendi\.m2\repository\org\mortbay\jetty\jetty\7.0.0pre2\jetty-7.0.0pre2.jar;C:\Users\jvendi\.m2\repository\org\mortbay\jetty\servlet-api-3.0\7.0.0pre2\servlet-api-3.0-7.0.0pre2.jar;C:\Users\jvendi\.m2\repository\org\mortbay\jetty\jetty-util\7.0.0pre2\jetty-util-7.0.0pre2.jar;C:\Users\jvendi\.m2\repository\org\mortbay\jetty\jetty-plus\7.0.0pre2\jetty-plus-7.0.0pre2.jar;C:\Users\jvendi\.m2\repository\geronimo-spec\geronimo-spec-jta\1.0.1B-rc4\geronimo-spec-jta-1.0.1B-rc4.jar;C:\Users\jvendi\.m2\repository\org\mortbay\jetty\jsp-2.1\7.0.0pre2\jsp-2.1-7.0.0pre2.jar;C:\Users\jvendi\.m2\repository\org\eclipse\jdt\core\3.1.1\core-3.1.1.jar;C:\Users\jvendi\.m2\repository\ant\ant\1.6.5\ant-1.6.5.jar;C:\Users\jvendi\.m2\repository\org\mortbay\jetty\jsp-api-2.1\7.0.0pre2\jsp-api-2.1-7.0.0pre2.jar;C:\Users\jvendi\.m2\repository\org\apache\ant\ant-antlr\1.7.1\ant-antlr-1.7.1.jar;C:\Users\jvendi\.m2\repository\mysql\mysql-connector-java\5.1.6\mysql-connector-java-5.1.6.jar;C:\Users\jvendi\.m2\repository\commons-net\commons-net\2.0\commons-net-2.0.jar;C:\Users\jvendi\.m2\repository\com\amazonaws\aws-java-sdk\1.11.270\aws-java-sdk-1.11.270.jar;C:\Users\jvendi\.m2\repository\com\amazonaws\aws-java-sdk-transcribe\1.11.270\aws-java-sdk-transcribe-1.11.270.jar;C:\Users\jvendi\.m2\repository\com\amazonaws\aws-java-sdk-autoscalingplans\1.11.270\aws-java-sdk-autoscalingplans-1.11.270.jar;C:\Users\jvendi\.m2\repository\com\amazonaws\aws-java-sdk-workmail\1.11.270\aws-java-sdk-workmail-1.11.270.jar;C:\Users\jvendi\.m2\repository\com\amazonaws\aws-java-sdk-servicediscovery\1.11.270\aws-java-sdk-servicediscovery-1.11.270.jar;C:\Users\jvendi\.m2\repository\com\amazonaws\aws-java-sdk-cloud9\1.11.270\aws-java-sdk-cloud9-1.11.270.jar;C:\Users\jvendi\.m2\repository\com\amazonaws\aws-java-sdk-serverlessapplicationrepository\1.11.270\aws-java-sdk-serverlessapplicationrepository-1.11.270.jar;C:\Users\jvendi\.m2\repository\com\amazonaws\aws-java-sdk-alexaforbusiness\1.11.270\aws-java-sdk-alexaforbusiness-1.11.270.jar;C:\Users\jvendi\.m2\repository\com\amazonaws\aws-java-sdk-resourcegroups\1.11.270\aws-java-sdk-resourcegroups-1.11.270.jar;C:\Users\jvendi\.m2\repository\com\amazonaws\aws-java-sdk-comprehend\1.11.270\aws-java-sdk-comprehend-1.11.270.jar;C:\Users\jvendi\.m2\repository\com\amazonaws\aws-java-sdk-translate\1.11.270\aws-java-sdk-translate-1.11.270.jar;C:\Users\jvendi\.m2\repository\com\amazonaws\aws-java-sdk-sagemaker\1.11.270\aws-java-sdk-sagemaker-1.11.270.jar;C:\Users\jvendi\.m2\repository\com\amazonaws\aws-java-sdk-iotjobsdataplane\1.11.270\aws-java-sdk-iotjobsdataplane-1.11.270.jar;C:\Users\jvendi\.m2\repository\com\amazonaws\aws-java-sdk-sagemakerruntime\1.11.270\aws-java-sdk-sagemakerruntime-1.11.270.jar;C:\Users\jvendi\.m2\repository\com\amazonaws\aws-java-sdk-kinesisvideo\1.11.270\aws-java-sdk-kinesisvideo-1.11.270.jar;C:\Users\jvendi\.m2\repository\io\netty\netty-codec-http\4.1.17.Final\netty-codec-http-4.1.17.Final.jar;C:\Users\jvendi\.m2\repository\io\netty\netty-codec\4.1.17.Final\netty-codec-4.1.17.Final.jar;C:\Users\jvendi\.m2\repository\io\netty\netty-handler\4.1.17.Final\netty-handler-4.1.17.Final.jar;C:\Users\jvendi\.m2\repository\io\netty\netty-buffer\4.1.17.Final\netty-buffer-4.1.17.Final.jar;C:\Users\jvendi\.m2\repository\io\netty\netty-common\4.1.17.Final\netty-common-4.1.17.Final.jar;C:\Users\jvendi\.m2\repository\io\netty\netty-transport\4.1.17.Final\netty-transport-4.1.17.Final.jar;C:\Users\jvendi\.m2\repository\io\netty\netty-resolver\4.1.17.Final\netty-resolver-4.1.17.Final.jar;C:\Users\jvendi\.m2\repository\com\amazonaws\aws-java-sdk-appsync\1.11.270\aws-java-sdk-appsync-1.11.270.jar;C:\Users\jvendi\.m2\repository\com\amazonaws\aws-java-sdk-guardduty\1.11.270\aws-java-sdk-guardduty-1.11.270.jar;C:\Users\jvendi\.m2\repository\com\amazonaws\aws-java-sdk-mq\1.11.270\aws-java-sdk-mq-1.11.270.jar;C:\Users\jvendi\.m2\repository\com\amazonaws\aws-java-sdk-mediaconvert\1.11.270\aws-java-sdk-mediaconvert-1.11.270.jar;C:\Users\jvendi\.m2\repository\com\amazonaws\aws-java-sdk-mediastore\1.11.270\aws-java-sdk-mediastore-1.11.270.jar;C:\Users\jvendi\.m2\repository\com\amazonaws\aws-java-sdk-mediastoredata\1.11.270\aws-java-sdk-mediastoredata-1.11.270.jar;C:\Users\jvendi\.m2\repository\com\amazonaws\aws-java-sdk-medialive\1.11.270\aws-java-sdk-medialive-1.11.270.jar;C:\Users\jvendi\.m2\repository\com\amazonaws\aws-java-sdk-mediapackage\1.11.270\aws-java-sdk-mediapackage-1.11.270.jar;C:\Users\jvendi\.m2\repository\com\amazonaws\aws-java-sdk-costexplorer\1.11.270\aws-java-sdk-costexplorer-1.11.270.jar;C:\Users\jvendi\.m2\repository\com\amazonaws\aws-java-sdk-pricing\1.11.270\aws-java-sdk-pricing-1.11.270.jar;C:\Users\jvendi\.m2\repository\com\amazonaws\aws-java-sdk-mobile\1.11.270\aws-java-sdk-mobile-1.11.270.jar;C:\Users\jvendi\.m2\repository\com\amazonaws\aws-java-sdk-cloudhsmv2\1.11.270\aws-java-sdk-cloudhsmv2-1.11.270.jar;C:\Users\jvendi\.m2\repository\com\amazonaws\aws-java-sdk-glue\1.11.270\aws-java-sdk-glue-1.11.270.jar;C:\Users\jvendi\.m2\repository\com\amazonaws\aws-java-sdk-migrationhub\1.11.270\aws-java-sdk-migrationhub-1.11.270.jar;C:\Users\jvendi\.m2\repository\com\amazonaws\aws-java-sdk-dax\1.11.270\aws-java-sdk-dax-1.11.270.jar;C:\Users\jvendi\.m2\repository\com\amazonaws\aws-java-sdk-greengrass\1.11.270\aws-java-sdk-greengrass-1.11.270.jar;C:\Users\jvendi\.m2\repository\com\amazonaws\aws-java-sdk-athena\1.11.270\aws-java-sdk-athena-1.11.270.jar;C:\Users\jvendi\.m2\repository\com\amazonaws\aws-java-sdk-marketplaceentitlement\1.11.270\aws-java-sdk-marketplaceentitlement-1.11.270.jar;C:\Users\jvendi\.m2\repository\com\amazonaws\aws-java-sdk-codestar\1.11.270\aws-java-sdk-codestar-1.11.270.jar;C:\Users\jvendi\.m2\repository\com\amazonaws\aws-java-sdk-lexmodelbuilding\1.11.270\aws-java-sdk-lexmodelbuilding-1.11.270.jar;C:\Users\jvendi\.m2\repository\com\amazonaws\aws-java-sdk-resourcegroupstaggingapi\1.11.270\aws-java-sdk-resourcegroupstaggingapi-1.11.270.jar;C:\Users\jvendi\.m2\repository\com\amazonaws\aws-java-sdk-pinpoint\1.11.270\aws-java-sdk-pinpoint-1.11.270.jar;C:\Users\jvendi\.m2\repository\com\amazonaws\aws-java-sdk-xray\1.11.270\aws-java-sdk-xray-1.11.270.jar;C:\Users\jvendi\.m2\repository\com\amazonaws\aws-java-sdk-opsworkscm\1.11.270\aws-java-sdk-opsworkscm-1.11.270.jar;C:\Users\jvendi\.m2\repository\com\amazonaws\aws-java-sdk-support\1.11.270\aws-java-sdk-support-1.11.270.jar;C:\Users\jvendi\.m2\repository\com\amazonaws\aws-java-sdk-simpledb\1.11.270\aws-java-sdk-simpledb-1.11.270.jar;C:\Users\jvendi\.m2\repository\com\amazonaws\aws-java-sdk-servicecatalog\1.11.270\aws-java-sdk-servicecatalog-1.11.270.jar;C:\Users\jvendi\.m2\repository\com\amazonaws\aws-java-sdk-servermigration\1.11.270\aws-java-sdk-servermigration-1.11.270.jar;C:\Users\jvendi\.m2\repository\com\amazonaws\aws-java-sdk-simpleworkflow\1.11.270\aws-java-sdk-simpleworkflow-1.11.270.jar;C:\Users\jvendi\.m2\repository\com\amazonaws\aws-java-sdk-storagegateway\1.11.270\aws-java-sdk-storagegateway-1.11.270.jar;C:\Users\jvendi\.m2\repository\com\amazonaws\aws-java-sdk-route53\1.11.270\aws-java-sdk-route53-1.11.270.jar;C:\Users\jvendi\.m2\repository\com\amazonaws\aws-java-sdk-s3\1.11.270\aws-java-sdk-s3-1.11.270.jar;C:\Users\jvendi\.m2\repository\com\amazonaws\aws-java-sdk-importexport\1.11.270\aws-java-sdk-importexport-1.11.270.jar;C:\Users\jvendi\.m2\repository\com\amazonaws\aws-java-sdk-sts\1.11.270\aws-java-sdk-sts-1.11.270.jar;C:\Users\jvendi\.m2\repository\com\amazonaws\aws-java-sdk-rds\1.11.270\aws-java-sdk-rds-1.11.270.jar;C:\Users\jvendi\.m2\repository\com\amazonaws\aws-java-sdk-redshift\1.11.270\aws-java-sdk-redshift-1.11.270.jar;C:\Users\jvendi\.m2\repository\com\amazonaws\aws-java-sdk-elasticbeanstalk\1.11.270\aws-java-sdk-elasticbeanstalk-1.11.270.jar;C:\Users\jvendi\.m2\repository\com\amazonaws\aws-java-sdk-glacier\1.11.270\aws-java-sdk-glacier-1.11.270.jar;C:\Users\jvendi\.m2\repository\com\amazonaws\aws-java-sdk-iam\1.11.270\aws-java-sdk-iam-1.11.270.jar;C:\Users\jvendi\.m2\repository\com\amazonaws\aws-java-sdk-datapipeline\1.11.270\aws-java-sdk-datapipeline-1.11.270.jar;C:\Users\jvendi\.m2\repository\com\amazonaws\aws-java-sdk-elasticloadbalancing\1.11.270\aws-java-sdk-elasticloadbalancing-1.11.270.jar;C:\Users\jvendi\.m2\repository\com\amazonaws\aws-java-sdk-elasticloadbalancingv2\1.11.270\aws-java-sdk-elasticloadbalancingv2-1.11.270.jar;C:\Users\jvendi\.m2\repository\com\amazonaws\aws-java-sdk-emr\1.11.270\aws-java-sdk-emr-1.11.270.jar;C:\Users\jvendi\.m2\repository\com\amazonaws\aws-java-sdk-elasticache\1.11.270\aws-java-sdk-elasticache-1.11.270.jar;C:\Users\jvendi\.m2\repository\com\amazonaws\aws-java-sdk-elastictranscoder\1.11.270\aws-java-sdk-elastictranscoder-1.11.270.jar;C:\Users\jvendi\.m2\repository\com\amazonaws\aws-java-sdk-ec2\1.11.270\aws-java-sdk-ec2-1.11.270.jar;C:\Users\jvendi\.m2\repository\com\amazonaws\aws-java-sdk-dynamodb\1.11.270\aws-java-sdk-dynamodb-1.11.270.jar;C:\Users\jvendi\.m2\repository\com\amazonaws\aws-java-sdk-sns\1.11.270\aws-java-sdk-sns-1.11.270.jar;C:\Users\jvendi\.m2\repository\com\amazonaws\aws-java-sdk-budgets\1.11.270\aws-java-sdk-budgets-1.11.270.jar;C:\Users\jvendi\.m2\repository\com\amazonaws\aws-java-sdk-cloudtrail\1.11.270\aws-java-sdk-cloudtrail-1.11.270.jar;C:\Users\jvendi\.m2\repository\com\amazonaws\aws-java-sdk-cloudwatch\1.11.270\aws-java-sdk-cloudwatch-1.11.270.jar;C:\Users\jvendi\.m2\repository\com\amazonaws\aws-java-sdk-logs\1.11.270\aws-java-sdk-logs-1.11.270.jar;C:\Users\jvendi\.m2\repository\com\amazonaws\aws-java-sdk-events\1.11.270\aws-java-sdk-events-1.11.270.jar;C:\Users\jvendi\.m2\repository\com\amazonaws\aws-java-sdk-cognitoidentity\1.11.270\aws-java-sdk-cognitoidentity-1.11.270.jar;C:\Users\jvendi\.m2\repository\com\amazonaws\aws-java-sdk-cognitosync\1.11.270\aws-java-sdk-cognitosync-1.11.270.jar;C:\Users\jvendi\.m2\repository\com\amazonaws\aws-java-sdk-directconnect\1.11.270\aws-java-sdk-directconnect-1.11.270.jar;C:\Users\jvendi\.m2\repository\com\amazonaws\aws-java-sdk-cloudformation\1.11.270\aws-java-sdk-cloudformation-1.11.270.jar;C:\Users\jvendi\.m2\repository\com\amazonaws\aws-java-sdk-cloudfront\1.11.270\aws-java-sdk-cloudfront-1.11.270.jar;C:\Users\jvendi\.m2\repository\com\amazonaws\aws-java-sdk-clouddirectory\1.11.270\aws-java-sdk-clouddirectory-1.11.270.jar;C:\Users\jvendi\.m2\repository\com\amazonaws\aws-java-sdk-kinesis\1.11.270\aws-java-sdk-kinesis-1.11.270.jar;C:\Users\jvendi\.m2\repository\com\amazonaws\aws-java-sdk-opsworks\1.11.270\aws-java-sdk-opsworks-1.11.270.jar;C:\Users\jvendi\.m2\repository\com\amazonaws\aws-java-sdk-ses\1.11.270\aws-java-sdk-ses-1.11.270.jar;C:\Users\jvendi\.m2\repository\com\amazonaws\aws-java-sdk-autoscaling\1.11.270\aws-java-sdk-autoscaling-1.11.270.jar;C:\Users\jvendi\.m2\repository\com\amazonaws\aws-java-sdk-cloudsearch\1.11.270\aws-java-sdk-cloudsearch-1.11.270.jar;C:\Users\jvendi\.m2\repository\com\amazonaws\aws-java-sdk-cloudwatchmetrics\1.11.270\aws-java-sdk-cloudwatchmetrics-1.11.270.jar;C:\Users\jvendi\.m2\repository\com\amazonaws\aws-java-sdk-codedeploy\1.11.270\aws-java-sdk-codedeploy-1.11.270.jar;C:\Users\jvendi\.m2\repository\com\amazonaws\aws-java-sdk-codepipeline\1.11.270\aws-java-sdk-codepipeline-1.11.270.jar;C:\Users\jvendi\.m2\repository\com\amazonaws\aws-java-sdk-kms\1.11.270\aws-java-sdk-kms-1.11.270.jar;C:\Users\jvendi\.m2\repository\com\amazonaws\aws-java-sdk-config\1.11.270\aws-java-sdk-config-1.11.270.jar;C:\Users\jvendi\.m2\repository\com\amazonaws\aws-java-sdk-lambda\1.11.270\aws-java-sdk-lambda-1.11.270.jar;C:\Users\jvendi\.m2\repository\com\amazonaws\aws-java-sdk-ecs\1.11.270\aws-java-sdk-ecs-1.11.270.jar;C:\Users\jvendi\.m2\repository\com\amazonaws\aws-java-sdk-ecr\1.11.270\aws-java-sdk-ecr-1.11.270.jar;C:\Users\jvendi\.m2\repository\com\amazonaws\aws-java-sdk-cloudhsm\1.11.270\aws-java-sdk-cloudhsm-1.11.270.jar;C:\Users\jvendi\.m2\repository\com\amazonaws\aws-java-sdk-ssm\1.11.270\aws-java-sdk-ssm-1.11.270.jar;C:\Users\jvendi\.m2\repository\com\amazonaws\aws-java-sdk-workspaces\1.11.270\aws-java-sdk-workspaces-1.11.270.jar;C:\Users\jvendi\.m2\repository\com\amazonaws\aws-java-sdk-machinelearning\1.11.270\aws-java-sdk-machinelearning-1.11.270.jar;C:\Users\jvendi\.m2\repository\com\amazonaws\aws-java-sdk-directory\1.11.270\aws-java-sdk-directory-1.11.270.jar;C:\Users\jvendi\.m2\repository\com\amazonaws\aws-java-sdk-efs\1.11.270\aws-java-sdk-efs-1.11.270.jar;C:\Users\jvendi\.m2\repository\com\amazonaws\aws-java-sdk-codecommit\1.11.270\aws-java-sdk-codecommit-1.11.270.jar;C:\Users\jvendi\.m2\repository\com\amazonaws\aws-java-sdk-devicefarm\1.11.270\aws-java-sdk-devicefarm-1.11.270.jar;C:\Users\jvendi\.m2\repository\com\amazonaws\aws-java-sdk-elasticsearch\1.11.270\aws-java-sdk-elasticsearch-1.11.270.jar;C:\Users\jvendi\.m2\repository\com\amazonaws\aws-java-sdk-waf\1.11.270\aws-java-sdk-waf-1.11.270.jar;C:\Users\jvendi\.m2\repository\com\amazonaws\aws-java-sdk-marketplacecommerceanalytics\1.11.270\aws-java-sdk-marketplacecommerceanalytics-1.11.270.jar;C:\Users\jvendi\.m2\repository\com\amazonaws\aws-java-sdk-inspector\1.11.270\aws-java-sdk-inspector-1.11.270.jar;C:\Users\jvendi\.m2\repository\com\amazonaws\aws-java-sdk-iot\1.11.270\aws-java-sdk-iot-1.11.270.jar;C:\Users\jvendi\.m2\repository\com\amazonaws\aws-java-sdk-api-gateway\1.11.270\aws-java-sdk-api-gateway-1.11.270.jar;C:\Users\jvendi\.m2\repository\com\amazonaws\aws-java-sdk-acm\1.11.270\aws-java-sdk-acm-1.11.270.jar;C:\Users\jvendi\.m2\repository\com\amazonaws\aws-java-sdk-gamelift\1.11.270\aws-java-sdk-gamelift-1.11.270.jar;C:\Users\jvendi\.m2\repository\com\amazonaws\aws-java-sdk-dms\1.11.270\aws-java-sdk-dms-1.11.270.jar;C:\Users\jvendi\.m2\repository\com\amazonaws\aws-java-sdk-marketplacemeteringservice\1.11.270\aws-java-sdk-marketplacemeteringservice-1.11.270.jar;C:\Users\jvendi\.m2\repository\com\amazonaws\aws-java-sdk-cognitoidp\1.11.270\aws-java-sdk-cognitoidp-1.11.270.jar;C:\Users\jvendi\.m2\repository\com\amazonaws\aws-java-sdk-discovery\1.11.270\aws-java-sdk-discovery-1.11.270.jar;C:\Users\jvendi\.m2\repository\com\amazonaws\aws-java-sdk-applicationautoscaling\1.11.270\aws-java-sdk-applicationautoscaling-1.11.270.jar;C:\Users\jvendi\.m2\repository\com\amazonaws\aws-java-sdk-snowball\1.11.270\aws-java-sdk-snowball-1.11.270.jar;C:\Users\jvendi\.m2\repository\com\amazonaws\aws-java-sdk-rekognition\1.11.270\aws-java-sdk-rekognition-1.11.270.jar;C:\Users\jvendi\.m2\repository\com\amazonaws\aws-java-sdk-polly\1.11.270\aws-java-sdk-polly-1.11.270.jar;C:\Users\jvendi\.m2\repository\com\amazonaws\aws-java-sdk-lightsail\1.11.270\aws-java-sdk-lightsail-1.11.270.jar;C:\Users\jvendi\.m2\repository\com\amazonaws\aws-java-sdk-stepfunctions\1.11.270\aws-java-sdk-stepfunctions-1.11.270.jar;C:\Users\jvendi\.m2\repository\com\amazonaws\aws-java-sdk-health\1.11.270\aws-java-sdk-health-1.11.270.jar;C:\Users\jvendi\.m2\repository\com\amazonaws\aws-java-sdk-costandusagereport\1.11.270\aws-java-sdk-costandusagereport-1.11.270.jar;C:\Users\jvendi\.m2\repository\com\amazonaws\aws-java-sdk-codebuild\1.11.270\aws-java-sdk-codebuild-1.11.270.jar;C:\Users\jvendi\.m2\repository\com\amazonaws\aws-java-sdk-appstream\1.11.270\aws-java-sdk-appstream-1.11.270.jar;C:\Users\jvendi\.m2\repository\com\amazonaws\aws-java-sdk-shield\1.11.270\aws-java-sdk-shield-1.11.270.jar;C:\Users\jvendi\.m2\repository\com\amazonaws\aws-java-sdk-batch\1.11.270\aws-java-sdk-batch-1.11.270.jar;C:\Users\jvendi\.m2\repository\com\amazonaws\aws-java-sdk-lex\1.11.270\aws-java-sdk-lex-1.11.270.jar;C:\Users\jvendi\.m2\repository\com\amazonaws\aws-java-sdk-mechanicalturkrequester\1.11.270\aws-java-sdk-mechanicalturkrequester-1.11.270.jar;C:\Users\jvendi\.m2\repository\com\amazonaws\aws-java-sdk-organizations\1.11.270\aws-java-sdk-organizations-1.11.270.jar;C:\Users\jvendi\.m2\repository\com\amazonaws\aws-java-sdk-workdocs\1.11.270\aws-java-sdk-workdocs-1.11.270.jar;C:\Users\jvendi\.m2\repository\com\amazonaws\aws-java-sdk-core\1.11.270\aws-java-sdk-core-1.11.270.jar;C:\Users\jvendi\.m2\repository\software\amazon\ion\ion-java\1.0.2\ion-java-1.0.2.jar;C:\Users\jvendi\.m2\repository\com\fasterxml\jackson\core\jackson-databind\2.6.7.1\jackson-databind-2.6.7.1.jar;C:\Users\jvendi\.m2\repository\com\fasterxml\jackson\core\jackson-annotations\2.6.0\jackson-annotations-2.6.0.jar;C:\Users\jvendi\.m2\repository\com\fasterxml\jackson\dataformat\jackson-dataformat-cbor\2.6.7\jackson-dataformat-cbor-2.6.7.jar;C:\Users\jvendi\.m2\repository\com\amazonaws\aws-java-sdk-models\1.11.270\aws-java-sdk-models-1.11.270.jar;C:\Users\jvendi\.m2\repository\com\amazonaws\aws-java-sdk-swf-libraries\1.11.22\aws-java-sdk-swf-libraries-1.11.22.jar;C:\Users\jvendi\.m2\repository\com\amazonaws\aws-java-sdk-sqs\1.11.270\aws-java-sdk-sqs-1.11.270.jar;C:\Users\jvendi\.m2\repository\com\amazonaws\jmespath-java\1.11.270\jmespath-java-1.11.270.jar;C:\Users\jvendi\.m2\repository\net\sourceforge\jexcelapi\jxl\2.6.12\jxl-2.6.12.jar;C:\Users\jvendi\.m2\repository\log4j\log4j\1.2.17\log4j-1.2.17.jar;C:\Users\jvendi\.m2\repository\org\slf4j\slf4j-log4j12\1.6.1\slf4j-log4j12-1.6.1.jar;C:\Users\jvendi\.m2\repository\org\slf4j\slf4j-api\1.6.1\slf4j-api-1.6.1.jar;C:\Users\jvendi\.m2\repository\net\sf\opencsv\opencsv\2.3\opencsv-2.3.jar;C:\Users\jvendi\.m2\repository\com\jcraft\jsch\0.1.49\jsch-0.1.49.jar;C:\Users\jvendi\.m2\repository\javax\persistence\persistence-api\1.0\persistence-api-1.0.jar;C:\Users\jvendi\.m2\repository\org\apache\ws\commons\schema\XmlSchema\1.4.2\XmlSchema-1.4.2.jar;C:\Users\jvendi\.m2\repository\xerces\xercesImpl\2.8.1\xercesImpl-2.8.1.jar;C:\Users\jvendi\.m2\repository\xml-apis\xml-apis\1.3.03\xml-apis-1.3.03.jar;C:\Users\jvendi\.m2\repository\org\skyscreamer\jsonassert\1.3.0\jsonassert-1.3.0.jar;C:\Users\jvendi\.m2\repository\wsdl4j\wsdl4j\1.6.2\wsdl4j-1.6.2.jar;C:\Users\jvendi\.m2\repository\org\apache\woden\woden-impl-dom\1.0M8\woden-impl-dom-1.0M8.jar;C:\Users\jvendi\.m2\repository\org\apache\ant\ant\1.7.0\ant-1.7.0.jar;C:\Users\jvendi\.m2\repository\org\apache\ant\ant-launcher\1.7.0\ant-launcher-1.7.0.jar;C:\Users\jvendi\.m2\repository\xerces\xmlParserAPIs\2.6.0\xmlParserAPIs-2.6.0.jar;C:\Users\jvendi\.m2\repository\org\codehaus\woodstox\wstx-asl\3.2.4\wstx-asl-3.2.4.jar;C:\Users\jvendi\.m2\repository\stax\stax-api\1.0.1\stax-api-1.0.1.jar;C:\Users\jvendi\.m2\repository\org\apache\woden\woden-api\1.0M8\woden-api-1.0M8.jar;C:\Users\jvendi\.m2\repository\org\apache\neethi\neethi\2.0.4\neethi-2.0.4.jar;C:\Users\jvendi\.m2\repository\commons-logging\commons-logging\1.1.1\commons-logging-1.1.1.jar;C:\Users\jvendi\.m2\repository\org\testng\testng\6.9.4\testng-6.9.4.jar;C:\Users\jvendi\.m2\repository\org\beanshell\bsh\2.0b4\bsh-2.0b4.jar;C:\Users\jvendi\.m2\repository\com\beust\jcommander\1.48\jcommander-1.48.jar;C:\Users\jvendi\.m2\repository\commons-codec\commons-codec\1.9\commons-codec-1.9.jar;C:\Users\jvendi\.m2\repository\backport-util-concurrent\backport-util-concurrent\3.1\backport-util-concurrent-3.1.jar;C:\Users\jvendi\.m2\repository\net\lingala\zip4j\zip4j\1.3.2\zip4j-1.3.2.jar;C:\Users\jvendi\.m2\repository\xmlunit\xmlunit\1.5\xmlunit-1.5.jar;C:\Users\jvendi\.m2\repository\org\apache\ws\commons\axiom\axiom-api\1.2.7\axiom-api-1.2.7.jar;C:\Users\jvendi\.m2\repository\org\apache\geronimo\specs\geronimo-activation_1.1_spec\1.0.1\geronimo-activation_1.1_spec-1.0.1.jar;C:\Users\jvendi\.m2\repository\jaxen\jaxen\1.1.1\jaxen-1.1.1.jar;C:\Users\jvendi\.m2\repository\org\apache\geronimo\specs\geronimo-stax-api_1.0_spec\1.0.1\geronimo-stax-api_1.0_spec-1.0.1.jar;C:\Users\jvendi\.m2\repository\javax\activation\activation\1.1\activation-1.1.jar;C:\Users\jvendi\.m2\repository\org\apache\ws\commons\axiom\axiom-impl\1.2.7\axiom-impl-1.2.7.jar;C:\Users\jvendi\.m2\repository\junit\junit\4.8.1\junit-4.8.1.jar;C:\Users\jvendi\.m2\repository\org\apache\axis2\axis2\1.4\axis2-1.4.jar;C:\Users\jvendi\.m2\repository\javax\mail\mail\1.4.7\mail-1.4.7.jar;C:\Users\jvendi\.m2\repository\org\apache\poi\poi\3.11-beta2\poi-3.11-beta2.jar;C:\Users\jvendi\.m2\repository\org\apache\poi\poi-ooxml\3.11-beta2\poi-ooxml-3.11-beta2.jar;C:\Users\jvendi\.m2\repository\org\apache\poi\poi-ooxml-schemas\3.11-beta2\poi-ooxml-schemas-3.11-beta2.jar;C:\Users\jvendi\.m2\repository\org\apache\xmlbeans\xmlbeans\2.6.0\xmlbeans-2.6.0.jar;C:\Users\jvendi\.m2\repository\org\codehaus\jackson\jackson-mapper-asl\1.8.5\jackson-mapper-asl-1.8.5.jar;C:\Users\jvendi\.m2\repository\com\fasterxml\jackson\core\jackson-core\2.6.0\jackson-core-2.6.0.jar;C:\Users\jvendi\.m2\repository\com\jayway\restassured\rest-assured\2.3.2\rest-assured-2.3.2.jar;C:\Users\jvendi\.m2\repository\org\codehaus\groovy\groovy\2.3.2\groovy-2.3.2.jar;C:\Users\jvendi\.m2\repository\org\codehaus\groovy\groovy-xml\2.3.2\groovy-xml-2.3.2.jar;C:\Users\jvendi\.m2\repository\org\apache\httpcomponents\httpmime\4.2.6\httpmime-4.2.6.jar;C:\Users\jvendi\.m2\repository\org\hamcrest\hamcrest-core\1.3\hamcrest-core-1.3.jar;C:\Users\jvendi\.m2\repository\org\ccil\cowan\tagsoup\tagsoup\1.2.1\tagsoup-1.2.1.jar;C:\Users\jvendi\.m2\repository\com\jayway\restassured\json-path\2.3.2\json-path-2.3.2.jar;C:\Users\jvendi\.m2\repository\org\codehaus\groovy\groovy-json\2.3.2\groovy-json-2.3.2.jar;C:\Users\jvendi\.m2\repository\com\jayway\restassured\rest-assured-common\2.3.2\rest-assured-common-2.3.2.jar;C:\Users\jvendi\.m2\repository\com\jayway\restassured\xml-path\2.3.2\xml-path-2.3.2.jar;C:\Users\jvendi\.m2\repository\org\apache\commons\commons-lang3\3.3.2\commons-lang3-3.3.2.jar;C:\Users\jvendi\.m2\repository\com\sun\jersey\jersey-client\1.19.1\jersey-client-1.19.1.jar;C:\Users\jvendi\.m2\repository\com\sun\jersey\jersey-core\1.19.1\jersey-core-1.19.1.jar;C:\Users\jvendi\.m2\repository\javax\ws\rs\jsr311-api\1.1.1\jsr311-api-1.1.1.jar;C:\Users\jvendi\.m2\repository\org\apache\httpcomponents\httpcore\4.4.6\httpcore-4.4.6.jar;C:\Users\jvendi\.m2\repository\org\apache\httpcomponents\httpclient\4.5.3\httpclient-4.5.3.jar;C:\Users\jvendi\.m2\repository\commons-httpclient\commons-httpclient\3.1\commons-httpclient-3.1.jar;C:\Users\jvendi\.m2\repository\org\springframework\spring\2.5.6\spring-2.5.6.jar;C:\Users\jvendi\.m2\repository\joda-time\joda-time\2.3\joda-time-2.3.jar;C:\Users\jvendi\.m2\repository\com\force\api\force-metadata-api\32.0.0\force-metadata-api-32.0.0.jar;C:\Users\jvendi\.m2\repository\com\force\api\force-wsc\27.0.0\force-wsc-27.0.0.jar;C:\Users\jvendi\.m2\repository\com\google\code\gson\gson\1.7.1\gson-1.7.1.jar;C:\Users\jvendi\.m2\repository\rhino\js\1.7R2\js-1.7R2.jar;C:\Users\jvendi\.m2\repository\com\force\api\force-partner-api\27.0.0\force-partner-api-27.0.0.jar;C:\Users\jvendi\.m2\repository\com\github\detro\ghostdriver\phantomjsdriver\1.0.3\phantomjsdriver-1.0.3.jar;C:\Users\jvendi\.m2\repository\org\seleniumhq\selenium\selenium-remote-driver\2.31.0\selenium-remote-driver-2.31.0.jar;C:\Users\jvendi\.m2\repository\cglib\cglib-nodep\2.1_3\cglib-nodep-2.1_3.jar;C:\Users\jvendi\.m2\repository\org\seleniumhq\selenium\selenium-api\2.31.0\selenium-api-2.31.0.jar;C:\Users\jvendi\.m2\repository\net\java\dev\jna\jna\3.4.0\jna-3.4.0.jar;C:\Users\jvendi\.m2\repository\net\java\dev\jna\platform\3.4.0\platform-3.4.0.jar;C:\Users\jvendi\.m2\repository\org\seleniumhq\selenium\selenium-java\2.31.0\selenium-java-2.31.0.jar;C:\Users\jvendi\.m2\repository\org\seleniumhq\selenium\selenium-android-driver\2.31.0\selenium-android-driver-2.31.0.jar;C:\Users\jvendi\.m2\repository\org\seleniumhq\selenium\selenium-chrome-driver\2.31.0\selenium-chrome-driver-2.31.0.jar;C:\Users\jvendi\.m2\repository\org\seleniumhq\selenium\selenium-htmlunit-driver\2.31.0\selenium-htmlunit-driver-2.31.0.jar;C:\Users\jvendi\.m2\repository\net\sourceforge\htmlunit\htmlunit\2.11\htmlunit-2.11.jar;C:\Users\jvendi\.m2\repository\xalan\xalan\2.7.1\xalan-2.7.1.jar;C:\Users\jvendi\.m2\repository\xalan\serializer\2.7.1\serializer-2.7.1.jar;C:\Users\jvendi\.m2\repository\commons-collections\commons-collections\3.2.1\commons-collections-3.2.1.jar;C:\Users\jvendi\.m2\repository\net\sourceforge\htmlunit\htmlunit-core-js\2.11\htmlunit-core-js-2.11.jar;C:\Users\jvendi\.m2\repository\net\sourceforge\nekohtml\nekohtml\1.9.17\nekohtml-1.9.17.jar;C:\Users\jvendi\.m2\repository\net\sourceforge\cssparser\cssparser\0.9.8\cssparser-0.9.8.jar;C:\Users\jvendi\.m2\repository\org\w3c\css\sac\1.3\sac-1.3.jar;C:\Users\jvendi\.m2\repository\org\eclipse\jetty\jetty-websocket\8.1.7.v20120910\jetty-websocket-8.1.7.v20120910.jar;C:\Users\jvendi\.m2\repository\org\eclipse\jetty\jetty-util\8.1.7.v20120910\jetty-util-8.1.7.v20120910.jar;C:\Users\jvendi\.m2\repository\org\eclipse\jetty\jetty-io\8.1.7.v20120910\jetty-io-8.1.7.v20120910.jar;C:\Users\jvendi\.m2\repository\org\eclipse\jetty\jetty-http\8.1.7.v20120910\jetty-http-8.1.7.v20120910.jar;C:\Users\jvendi\.m2\repository\org\seleniumhq\selenium\selenium-ie-driver\2.31.0\selenium-ie-driver-2.31.0.jar;C:\Users\jvendi\.m2\repository\org\seleniumhq\selenium\selenium-iphone-driver\2.31.0\selenium-iphone-driver-2.31.0.jar;C:\Users\jvendi\.m2\repository\org\seleniumhq\selenium\selenium-safari-driver\2.31.0\selenium-safari-driver-2.31.0.jar;C:\Users\jvendi\.m2\repository\org\seleniumhq\selenium\selenium-support\2.31.0\selenium-support-2.31.0.jar;C:\Users\jvendi\.m2\repository\org\webbitserver\webbit\0.4.14\webbit-0.4.14.jar;C:\Users\jvendi\.m2\repository\io\netty\netty\3.5.2.Final\netty-3.5.2.Final.jar;C:\Users\jvendi\.m2\repository\picocontainer\picocontainer\3\picocontainer-3.jar;C:\Users\jvendi\.m2\repository\org\hamcrest\hamcrest-library\1.3\hamcrest-library-1.3.jar;C:\Users\jvendi\.m2\repository\org\seleniumhq\selenium\selenium-server\2.42.2\selenium-server-2.42.2.jar;C:\Users\jvendi\.m2\repository\org\bouncycastle\bcprov-jdk15on\1.48\bcprov-jdk15on-1.48.jar;C:\Users\jvendi\.m2\repository\org\bouncycastle\bcpkix-jdk15on\1.48\bcpkix-jdk15on-1.48.jar;C:\Users\jvendi\.m2\repository\mx4j\mx4j-tools\3.0.1\mx4j-tools-3.0.1.jar;C:\Users\jvendi\.m2\repository\org\mortbay\jetty\servlet-api-2.5\6.1.9\servlet-api-2.5-6.1.9.jar;C:\Users\jvendi\.m2\repository\org\seleniumhq\selenium\jetty-repacked\7.6.1\jetty-repacked-7.6.1.jar;C:\Users\jvendi\.m2\repository\net\jcip\jcip-annotations\1.0\jcip-annotations-1.0.jar;C:\Users\jvendi\.m2\repository\org\yaml\snakeyaml\1.8\snakeyaml-1.8.jar;C:\Users\jvendi\.m2\repository\org\seleniumhq\selenium\selenium-firefox-driver\2.40.0\selenium-firefox-driver-2.40.0.jar;C:\Users\jvendi\.m2\repository\commons-io\commons-io\2.2\commons-io-2.2.jar;C:\Users\jvendi\.m2\repository\org\apache\commons\commons-exec\1.1\commons-exec-1.1.jar;C:\Users\jvendi\.m2\repository\org\json\json\20090211\json-20090211.jar;C:\Users\jvendi\.m2\repository\com\amazonaws\amazon-sqs-java-messaging-lib\1.0.4\amazon-sqs-java-messaging-lib-1.0.4.jar;C:\Users\jvendi\.m2\repository\org\apache\geronimo\specs\geronimo-jms_1.1_spec\1.1.1\geronimo-jms_1.1_spec-1.1.1.jar;C:\Users\jvendi\.m2\repository\com\mpatric\mp3agic\0.8.1\mp3agic-0.8.1.jar;C:\Users\jvendi\.m2\repository\org\quartz-scheduler\quartz\2.3.0\quartz-2.3.0.jar;C:\Users\jvendi\.m2\repository\com\mchange\c3p0\0.9.5.2\c3p0-0.9.5.2.jar;C:\Users\jvendi\.m2\repository\com\mchange\mchange-commons-java\0.2.11\mchange-commons-java-0.2.11.jar;C:\Users\jvendi\.m2\repository\com\zaxxer\HikariCP-java6\2.3.13\HikariCP-java6-2.3.13.jar;C:\Users\jvendi\.m2\repository\info\cukes\cucumber-jvm-deps\1.0.5\cucumber-jvm-deps-1.0.5.jar;C:\Users\jvendi\.m2\repository\info\cukes\cucumber-java\1.2.5\cucumber-java-1.2.5.jar;C:\Users\jvendi\.m2\repository\info\cukes\cucumber-core\1.2.5\cucumber-core-1.2.5.jar;C:\Users\jvendi\.m2\repository\info\cukes\cucumber-html\0.2.3\cucumber-html-0.2.3.jar;C:\Users\jvendi\.m2\repository\info\cukes\gherkin\2.12.2\gherkin-2.12.2.jar;C:\Users\jvendi\.m2\repository\info\cukes\cucumber-testng\1.2.5\cucumber-testng-1.2.5.jar;C:\Users\jvendi\.m2\repository\org\apache\maven\surefire\surefire-testng-utils\2.21.0\surefire-testng-utils-2.21.0.jar;C:\Users\jvendi\.m2\repository\org\apache\maven\surefire\surefire-grouper\2.21.0\surefire-grouper-2.21.0.jar;"/>
    <property name="java.vm.vendor" value="Oracle Corporation"/>
    <property name="sun.arch.data.model" value="64"/>
    <property name="user.variant" value=""/>
    <property name="java.vendor.url" value="http://java.oracle.com/"/>
    <property name="user.timezone" value=""/>
    <property name="java.vm.specification.version" value="1.8"/>
    <property name="os.name" value="Windows 7"/>
    <property name="user.country" value="GB"/>
    <property name="sun.java.launcher" value="SUN_STANDARD"/>
    <property name="sun.boot.library.path" value="C:\Program Files\Java\jdk1.8.0_65\jre\bin"/>
    <property name="sun.java.command" value="C:\Users\jvendi\AppData\Local\Temp\surefire3428142765134876083\surefirebooter4664832636802001033.jar C:\Users\jvendi\AppData\Local\Temp\surefire3428142765134876083 2018-03-28T16-07-54_292-jvmRun1 surefire5618345328202444083tmp surefire_04076445904093420337tmp"/>
    <property name="surefire.test.class.path" value="C:\Users\jvendi\Downloads\GITJagsPracticeFrom\jagsEvergreen\target\test-classes;C:\Users\jvendi\Downloads\GITJagsPracticeFrom\jagsEvergreen\target\classes;C:\Users\jvendi\.m2\repository\org\codehaus\jackson\jackson-jaxrs\1.9.13\jackson-jaxrs-1.9.13.jar;C:\Users\jvendi\.m2\repository\org\codehaus\jackson\jackson-core-asl\1.9.13\jackson-core-asl-1.9.13.jar;C:\Users\jvendi\.m2\repository\com\google\gdata\core\1.47.1\core-1.47.1.jar;C:\Users\jvendi\.m2\repository\com\google\guava\guava\13.0.1\guava-13.0.1.jar;C:\Users\jvendi\.m2\repository\com\google\oauth-client\google-oauth-client-jetty\1.11.0-beta\google-oauth-client-jetty-1.11.0-beta.jar;C:\Users\jvendi\.m2\repository\com\google\oauth-client\google-oauth-client-java6\1.11.0-beta\google-oauth-client-java6-1.11.0-beta.jar;C:\Users\jvendi\.m2\repository\com\google\oauth-client\google-oauth-client\1.11.0-beta\google-oauth-client-1.11.0-beta.jar;C:\Users\jvendi\.m2\repository\com\google\http-client\google-http-client\1.11.0-beta\google-http-client-1.11.0-beta.jar;C:\Users\jvendi\.m2\repository\xpp3\xpp3\1.1.4c\xpp3-1.1.4c.jar;C:\Users\jvendi\.m2\repository\com\google\code\findbugs\jsr305\1.3.7\jsr305-1.3.7.jar;C:\Users\jvendi\.m2\repository\org\mortbay\jetty\jetty\7.0.0pre2\jetty-7.0.0pre2.jar;C:\Users\jvendi\.m2\repository\org\mortbay\jetty\servlet-api-3.0\7.0.0pre2\servlet-api-3.0-7.0.0pre2.jar;C:\Users\jvendi\.m2\repository\org\mortbay\jetty\jetty-util\7.0.0pre2\jetty-util-7.0.0pre2.jar;C:\Users\jvendi\.m2\repository\org\mortbay\jetty\jetty-plus\7.0.0pre2\jetty-plus-7.0.0pre2.jar;C:\Users\jvendi\.m2\repository\geronimo-spec\geronimo-spec-jta\1.0.1B-rc4\geronimo-spec-jta-1.0.1B-rc4.jar;C:\Users\jvendi\.m2\repository\org\mortbay\jetty\jsp-2.1\7.0.0pre2\jsp-2.1-7.0.0pre2.jar;C:\Users\jvendi\.m2\repository\org\eclipse\jdt\core\3.1.1\core-3.1.1.jar;C:\Users\jvendi\.m2\repository\ant\ant\1.6.5\ant-1.6.5.jar;C:\Users\jvendi\.m2\repository\org\mortbay\jetty\jsp-api-2.1\7.0.0pre2\jsp-api-2.1-7.0.0pre2.jar;C:\Users\jvendi\.m2\repository\org\apache\ant\ant-antlr\1.7.1\ant-antlr-1.7.1.jar;C:\Users\jvendi\.m2\repository\mysql\mysql-connector-java\5.1.6\mysql-connector-java-5.1.6.jar;C:\Users\jvendi\.m2\repository\commons-net\commons-net\2.0\commons-net-2.0.jar;C:\Users\jvendi\.m2\repository\com\amazonaws\aws-java-sdk\1.11.270\aws-java-sdk-1.11.270.jar;C:\Users\jvendi\.m2\repository\com\amazonaws\aws-java-sdk-transcribe\1.11.270\aws-java-sdk-transcribe-1.11.270.jar;C:\Users\jvendi\.m2\repository\com\amazonaws\aws-java-sdk-autoscalingplans\1.11.270\aws-java-sdk-autoscalingplans-1.11.270.jar;C:\Users\jvendi\.m2\repository\com\amazonaws\aws-java-sdk-workmail\1.11.270\aws-java-sdk-workmail-1.11.270.jar;C:\Users\jvendi\.m2\repository\com\amazonaws\aws-java-sdk-servicediscovery\1.11.270\aws-java-sdk-servicediscovery-1.11.270.jar;C:\Users\jvendi\.m2\repository\com\amazonaws\aws-java-sdk-cloud9\1.11.270\aws-java-sdk-cloud9-1.11.270.jar;C:\Users\jvendi\.m2\repository\com\amazonaws\aws-java-sdk-serverlessapplicationrepository\1.11.270\aws-java-sdk-serverlessapplicationrepository-1.11.270.jar;C:\Users\jvendi\.m2\repository\com\amazonaws\aws-java-sdk-alexaforbusiness\1.11.270\aws-java-sdk-alexaforbusiness-1.11.270.jar;C:\Users\jvendi\.m2\repository\com\amazonaws\aws-java-sdk-resourcegroups\1.11.270\aws-java-sdk-resourcegroups-1.11.270.jar;C:\Users\jvendi\.m2\repository\com\amazonaws\aws-java-sdk-comprehend\1.11.270\aws-java-sdk-comprehend-1.11.270.jar;C:\Users\jvendi\.m2\repository\com\amazonaws\aws-java-sdk-translate\1.11.270\aws-java-sdk-translate-1.11.270.jar;C:\Users\jvendi\.m2\repository\com\amazonaws\aws-java-sdk-sagemaker\1.11.270\aws-java-sdk-sagemaker-1.11.270.jar;C:\Users\jvendi\.m2\repository\com\amazonaws\aws-java-sdk-iotjobsdataplane\1.11.270\aws-java-sdk-iotjobsdataplane-1.11.270.jar;C:\Users\jvendi\.m2\repository\com\amazonaws\aws-java-sdk-sagemakerruntime\1.11.270\aws-java-sdk-sagemakerruntime-1.11.270.jar;C:\Users\jvendi\.m2\repository\com\amazonaws\aws-java-sdk-kinesisvideo\1.11.270\aws-java-sdk-kinesisvideo-1.11.270.jar;C:\Users\jvendi\.m2\repository\io\netty\netty-codec-http\4.1.17.Final\netty-codec-http-4.1.17.Final.jar;C:\Users\jvendi\.m2\repository\io\netty\netty-codec\4.1.17.Final\netty-codec-4.1.17.Final.jar;C:\Users\jvendi\.m2\repository\io\netty\netty-handler\4.1.17.Final\netty-handler-4.1.17.Final.jar;C:\Users\jvendi\.m2\repository\io\netty\netty-buffer\4.1.17.Final\netty-buffer-4.1.17.Final.jar;C:\Users\jvendi\.m2\repository\io\netty\netty-common\4.1.17.Final\netty-common-4.1.17.Final.jar;C:\Users\jvendi\.m2\repository\io\netty\netty-transport\4.1.17.Final\netty-transport-4.1.17.Final.jar;C:\Users\jvendi\.m2\repository\io\netty\netty-resolver\4.1.17.Final\netty-resolver-4.1.17.Final.jar;C:\Users\jvendi\.m2\repository\com\amazonaws\aws-java-sdk-appsync\1.11.270\aws-java-sdk-appsync-1.11.270.jar;C:\Users\jvendi\.m2\repository\com\amazonaws\aws-java-sdk-guardduty\1.11.270\aws-java-sdk-guardduty-1.11.270.jar;C:\Users\jvendi\.m2\repository\com\amazonaws\aws-java-sdk-mq\1.11.270\aws-java-sdk-mq-1.11.270.jar;C:\Users\jvendi\.m2\repository\com\amazonaws\aws-java-sdk-mediaconvert\1.11.270\aws-java-sdk-mediaconvert-1.11.270.jar;C:\Users\jvendi\.m2\repository\com\amazonaws\aws-java-sdk-mediastore\1.11.270\aws-java-sdk-mediastore-1.11.270.jar;C:\Users\jvendi\.m2\repository\com\amazonaws\aws-java-sdk-mediastoredata\1.11.270\aws-java-sdk-mediastoredata-1.11.270.jar;C:\Users\jvendi\.m2\repository\com\amazonaws\aws-java-sdk-medialive\1.11.270\aws-java-sdk-medialive-1.11.270.jar;C:\Users\jvendi\.m2\repository\com\amazonaws\aws-java-sdk-mediapackage\1.11.270\aws-java-sdk-mediapackage-1.11.270.jar;C:\Users\jvendi\.m2\repository\com\amazonaws\aws-java-sdk-costexplorer\1.11.270\aws-java-sdk-costexplorer-1.11.270.jar;C:\Users\jvendi\.m2\repository\com\amazonaws\aws-java-sdk-pricing\1.11.270\aws-java-sdk-pricing-1.11.270.jar;C:\Users\jvendi\.m2\repository\com\amazonaws\aws-java-sdk-mobile\1.11.270\aws-java-sdk-mobile-1.11.270.jar;C:\Users\jvendi\.m2\repository\com\amazonaws\aws-java-sdk-cloudhsmv2\1.11.270\aws-java-sdk-cloudhsmv2-1.11.270.jar;C:\Users\jvendi\.m2\repository\com\amazonaws\aws-java-sdk-glue\1.11.270\aws-java-sdk-glue-1.11.270.jar;C:\Users\jvendi\.m2\repository\com\amazonaws\aws-java-sdk-migrationhub\1.11.270\aws-java-sdk-migrationhub-1.11.270.jar;C:\Users\jvendi\.m2\repository\com\amazonaws\aws-java-sdk-dax\1.11.270\aws-java-sdk-dax-1.11.270.jar;C:\Users\jvendi\.m2\repository\com\amazonaws\aws-java-sdk-greengrass\1.11.270\aws-java-sdk-greengrass-1.11.270.jar;C:\Users\jvendi\.m2\repository\com\amazonaws\aws-java-sdk-athena\1.11.270\aws-java-sdk-athena-1.11.270.jar;C:\Users\jvendi\.m2\repository\com\amazonaws\aws-java-sdk-marketplaceentitlement\1.11.270\aws-java-sdk-marketplaceentitlement-1.11.270.jar;C:\Users\jvendi\.m2\repository\com\amazonaws\aws-java-sdk-codestar\1.11.270\aws-java-sdk-codestar-1.11.270.jar;C:\Users\jvendi\.m2\repository\com\amazonaws\aws-java-sdk-lexmodelbuilding\1.11.270\aws-java-sdk-lexmodelbuilding-1.11.270.jar;C:\Users\jvendi\.m2\repository\com\amazonaws\aws-java-sdk-resourcegroupstaggingapi\1.11.270\aws-java-sdk-resourcegroupstaggingapi-1.11.270.jar;C:\Users\jvendi\.m2\repository\com\amazonaws\aws-java-sdk-pinpoint\1.11.270\aws-java-sdk-pinpoint-1.11.270.jar;C:\Users\jvendi\.m2\repository\com\amazonaws\aws-java-sdk-xray\1.11.270\aws-java-sdk-xray-1.11.270.jar;C:\Users\jvendi\.m2\repository\com\amazonaws\aws-java-sdk-opsworkscm\1.11.270\aws-java-sdk-opsworkscm-1.11.270.jar;C:\Users\jvendi\.m2\repository\com\amazonaws\aws-java-sdk-support\1.11.270\aws-java-sdk-support-1.11.270.jar;C:\Users\jvendi\.m2\repository\com\amazonaws\aws-java-sdk-simpledb\1.11.270\aws-java-sdk-simpledb-1.11.270.jar;C:\Users\jvendi\.m2\repository\com\amazonaws\aws-java-sdk-servicecatalog\1.11.270\aws-java-sdk-servicecatalog-1.11.270.jar;C:\Users\jvendi\.m2\repository\com\amazonaws\aws-java-sdk-servermigration\1.11.270\aws-java-sdk-servermigration-1.11.270.jar;C:\Users\jvendi\.m2\repository\com\amazonaws\aws-java-sdk-simpleworkflow\1.11.270\aws-java-sdk-simpleworkflow-1.11.270.jar;C:\Users\jvendi\.m2\repository\com\amazonaws\aws-java-sdk-storagegateway\1.11.270\aws-java-sdk-storagegateway-1.11.270.jar;C:\Users\jvendi\.m2\repository\com\amazonaws\aws-java-sdk-route53\1.11.270\aws-java-sdk-route53-1.11.270.jar;C:\Users\jvendi\.m2\repository\com\amazonaws\aws-java-sdk-s3\1.11.270\aws-java-sdk-s3-1.11.270.jar;C:\Users\jvendi\.m2\repository\com\amazonaws\aws-java-sdk-importexport\1.11.270\aws-java-sdk-importexport-1.11.270.jar;C:\Users\jvendi\.m2\repository\com\amazonaws\aws-java-sdk-sts\1.11.270\aws-java-sdk-sts-1.11.270.jar;C:\Users\jvendi\.m2\repository\com\amazonaws\aws-java-sdk-rds\1.11.270\aws-java-sdk-rds-1.11.270.jar;C:\Users\jvendi\.m2\repository\com\amazonaws\aws-java-sdk-redshift\1.11.270\aws-java-sdk-redshift-1.11.270.jar;C:\Users\jvendi\.m2\repository\com\amazonaws\aws-java-sdk-elasticbeanstalk\1.11.270\aws-java-sdk-elasticbeanstalk-1.11.270.jar;C:\Users\jvendi\.m2\repository\com\amazonaws\aws-java-sdk-glacier\1.11.270\aws-java-sdk-glacier-1.11.270.jar;C:\Users\jvendi\.m2\repository\com\amazonaws\aws-java-sdk-iam\1.11.270\aws-java-sdk-iam-1.11.270.jar;C:\Users\jvendi\.m2\repository\com\amazonaws\aws-java-sdk-datapipeline\1.11.270\aws-java-sdk-datapipeline-1.11.270.jar;C:\Users\jvendi\.m2\repository\com\amazonaws\aws-java-sdk-elasticloadbalancing\1.11.270\aws-java-sdk-elasticloadbalancing-1.11.270.jar;C:\Users\jvendi\.m2\repository\com\amazonaws\aws-java-sdk-elasticloadbalancingv2\1.11.270\aws-java-sdk-elasticloadbalancingv2-1.11.270.jar;C:\Users\jvendi\.m2\repository\com\amazonaws\aws-java-sdk-emr\1.11.270\aws-java-sdk-emr-1.11.270.jar;C:\Users\jvendi\.m2\repository\com\amazonaws\aws-java-sdk-elasticache\1.11.270\aws-java-sdk-elasticache-1.11.270.jar;C:\Users\jvendi\.m2\repository\com\amazonaws\aws-java-sdk-elastictranscoder\1.11.270\aws-java-sdk-elastictranscoder-1.11.270.jar;C:\Users\jvendi\.m2\repository\com\amazonaws\aws-java-sdk-ec2\1.11.270\aws-java-sdk-ec2-1.11.270.jar;C:\Users\jvendi\.m2\repository\com\amazonaws\aws-java-sdk-dynamodb\1.11.270\aws-java-sdk-dynamodb-1.11.270.jar;C:\Users\jvendi\.m2\repository\com\amazonaws\aws-java-sdk-sns\1.11.270\aws-java-sdk-sns-1.11.270.jar;C:\Users\jvendi\.m2\repository\com\amazonaws\aws-java-sdk-budgets\1.11.270\aws-java-sdk-budgets-1.11.270.jar;C:\Users\jvendi\.m2\repository\com\amazonaws\aws-java-sdk-cloudtrail\1.11.270\aws-java-sdk-cloudtrail-1.11.270.jar;C:\Users\jvendi\.m2\repository\com\amazonaws\aws-java-sdk-cloudwatch\1.11.270\aws-java-sdk-cloudwatch-1.11.270.jar;C:\Users\jvendi\.m2\repository\com\amazonaws\aws-java-sdk-logs\1.11.270\aws-java-sdk-logs-1.11.270.jar;C:\Users\jvendi\.m2\repository\com\amazonaws\aws-java-sdk-events\1.11.270\aws-java-sdk-events-1.11.270.jar;C:\Users\jvendi\.m2\repository\com\amazonaws\aws-java-sdk-cognitoidentity\1.11.270\aws-java-sdk-cognitoidentity-1.11.270.jar;C:\Users\jvendi\.m2\repository\com\amazonaws\aws-java-sdk-cognitosync\1.11.270\aws-java-sdk-cognitosync-1.11.270.jar;C:\Users\jvendi\.m2\repository\com\amazonaws\aws-java-sdk-directconnect\1.11.270\aws-java-sdk-directconnect-1.11.270.jar;C:\Users\jvendi\.m2\repository\com\amazonaws\aws-java-sdk-cloudformation\1.11.270\aws-java-sdk-cloudformation-1.11.270.jar;C:\Users\jvendi\.m2\repository\com\amazonaws\aws-java-sdk-cloudfront\1.11.270\aws-java-sdk-cloudfront-1.11.270.jar;C:\Users\jvendi\.m2\repository\com\amazonaws\aws-java-sdk-clouddirectory\1.11.270\aws-java-sdk-clouddirectory-1.11.270.jar;C:\Users\jvendi\.m2\repository\com\amazonaws\aws-java-sdk-kinesis\1.11.270\aws-java-sdk-kinesis-1.11.270.jar;C:\Users\jvendi\.m2\repository\com\amazonaws\aws-java-sdk-opsworks\1.11.270\aws-java-sdk-opsworks-1.11.270.jar;C:\Users\jvendi\.m2\repository\com\amazonaws\aws-java-sdk-ses\1.11.270\aws-java-sdk-ses-1.11.270.jar;C:\Users\jvendi\.m2\repository\com\amazonaws\aws-java-sdk-autoscaling\1.11.270\aws-java-sdk-autoscaling-1.11.270.jar;C:\Users\jvendi\.m2\repository\com\amazonaws\aws-java-sdk-cloudsearch\1.11.270\aws-java-sdk-cloudsearch-1.11.270.jar;C:\Users\jvendi\.m2\repository\com\amazonaws\aws-java-sdk-cloudwatchmetrics\1.11.270\aws-java-sdk-cloudwatchmetrics-1.11.270.jar;C:\Users\jvendi\.m2\repository\com\amazonaws\aws-java-sdk-codedeploy\1.11.270\aws-java-sdk-codedeploy-1.11.270.jar;C:\Users\jvendi\.m2\repository\com\amazonaws\aws-java-sdk-codepipeline\1.11.270\aws-java-sdk-codepipeline-1.11.270.jar;C:\Users\jvendi\.m2\repository\com\amazonaws\aws-java-sdk-kms\1.11.270\aws-java-sdk-kms-1.11.270.jar;C:\Users\jvendi\.m2\repository\com\amazonaws\aws-java-sdk-config\1.11.270\aws-java-sdk-config-1.11.270.jar;C:\Users\jvendi\.m2\repository\com\amazonaws\aws-java-sdk-lambda\1.11.270\aws-java-sdk-lambda-1.11.270.jar;C:\Users\jvendi\.m2\repository\com\amazonaws\aws-java-sdk-ecs\1.11.270\aws-java-sdk-ecs-1.11.270.jar;C:\Users\jvendi\.m2\repository\com\amazonaws\aws-java-sdk-ecr\1.11.270\aws-java-sdk-ecr-1.11.270.jar;C:\Users\jvendi\.m2\repository\com\amazonaws\aws-java-sdk-cloudhsm\1.11.270\aws-java-sdk-cloudhsm-1.11.270.jar;C:\Users\jvendi\.m2\repository\com\amazonaws\aws-java-sdk-ssm\1.11.270\aws-java-sdk-ssm-1.11.270.jar;C:\Users\jvendi\.m2\repository\com\amazonaws\aws-java-sdk-workspaces\1.11.270\aws-java-sdk-workspaces-1.11.270.jar;C:\Users\jvendi\.m2\repository\com\amazonaws\aws-java-sdk-machinelearning\1.11.270\aws-java-sdk-machinelearning-1.11.270.jar;C:\Users\jvendi\.m2\repository\com\amazonaws\aws-java-sdk-directory\1.11.270\aws-java-sdk-directory-1.11.270.jar;C:\Users\jvendi\.m2\repository\com\amazonaws\aws-java-sdk-efs\1.11.270\aws-java-sdk-efs-1.11.270.jar;C:\Users\jvendi\.m2\repository\com\amazonaws\aws-java-sdk-codecommit\1.11.270\aws-java-sdk-codecommit-1.11.270.jar;C:\Users\jvendi\.m2\repository\com\amazonaws\aws-java-sdk-devicefarm\1.11.270\aws-java-sdk-devicefarm-1.11.270.jar;C:\Users\jvendi\.m2\repository\com\amazonaws\aws-java-sdk-elasticsearch\1.11.270\aws-java-sdk-elasticsearch-1.11.270.jar;C:\Users\jvendi\.m2\repository\com\amazonaws\aws-java-sdk-waf\1.11.270\aws-java-sdk-waf-1.11.270.jar;C:\Users\jvendi\.m2\repository\com\amazonaws\aws-java-sdk-marketplacecommerceanalytics\1.11.270\aws-java-sdk-marketplacecommerceanalytics-1.11.270.jar;C:\Users\jvendi\.m2\repository\com\amazonaws\aws-java-sdk-inspector\1.11.270\aws-java-sdk-inspector-1.11.270.jar;C:\Users\jvendi\.m2\repository\com\amazonaws\aws-java-sdk-iot\1.11.270\aws-java-sdk-iot-1.11.270.jar;C:\Users\jvendi\.m2\repository\com\amazonaws\aws-java-sdk-api-gateway\1.11.270\aws-java-sdk-api-gateway-1.11.270.jar;C:\Users\jvendi\.m2\repository\com\amazonaws\aws-java-sdk-acm\1.11.270\aws-java-sdk-acm-1.11.270.jar;C:\Users\jvendi\.m2\repository\com\amazonaws\aws-java-sdk-gamelift\1.11.270\aws-java-sdk-gamelift-1.11.270.jar;C:\Users\jvendi\.m2\repository\com\amazonaws\aws-java-sdk-dms\1.11.270\aws-java-sdk-dms-1.11.270.jar;C:\Users\jvendi\.m2\repository\com\amazonaws\aws-java-sdk-marketplacemeteringservice\1.11.270\aws-java-sdk-marketplacemeteringservice-1.11.270.jar;C:\Users\jvendi\.m2\repository\com\amazonaws\aws-java-sdk-cognitoidp\1.11.270\aws-java-sdk-cognitoidp-1.11.270.jar;C:\Users\jvendi\.m2\repository\com\amazonaws\aws-java-sdk-discovery\1.11.270\aws-java-sdk-discovery-1.11.270.jar;C:\Users\jvendi\.m2\repository\com\amazonaws\aws-java-sdk-applicationautoscaling\1.11.270\aws-java-sdk-applicationautoscaling-1.11.270.jar;C:\Users\jvendi\.m2\repository\com\amazonaws\aws-java-sdk-snowball\1.11.270\aws-java-sdk-snowball-1.11.270.jar;C:\Users\jvendi\.m2\repository\com\amazonaws\aws-java-sdk-rekognition\1.11.270\aws-java-sdk-rekognition-1.11.270.jar;C:\Users\jvendi\.m2\repository\com\amazonaws\aws-java-sdk-polly\1.11.270\aws-java-sdk-polly-1.11.270.jar;C:\Users\jvendi\.m2\repository\com\amazonaws\aws-java-sdk-lightsail\1.11.270\aws-java-sdk-lightsail-1.11.270.jar;C:\Users\jvendi\.m2\repository\com\amazonaws\aws-java-sdk-stepfunctions\1.11.270\aws-java-sdk-stepfunctions-1.11.270.jar;C:\Users\jvendi\.m2\repository\com\amazonaws\aws-java-sdk-health\1.11.270\aws-java-sdk-health-1.11.270.jar;C:\Users\jvendi\.m2\repository\com\amazonaws\aws-java-sdk-costandusagereport\1.11.270\aws-java-sdk-costandusagereport-1.11.270.jar;C:\Users\jvendi\.m2\repository\com\amazonaws\aws-java-sdk-codebuild\1.11.270\aws-java-sdk-codebuild-1.11.270.jar;C:\Users\jvendi\.m2\repository\com\amazonaws\aws-java-sdk-appstream\1.11.270\aws-java-sdk-appstream-1.11.270.jar;C:\Users\jvendi\.m2\repository\com\amazonaws\aws-java-sdk-shield\1.11.270\aws-java-sdk-shield-1.11.270.jar;C:\Users\jvendi\.m2\repository\com\amazonaws\aws-java-sdk-batch\1.11.270\aws-java-sdk-batch-1.11.270.jar;C:\Users\jvendi\.m2\repository\com\amazonaws\aws-java-sdk-lex\1.11.270\aws-java-sdk-lex-1.11.270.jar;C:\Users\jvendi\.m2\repository\com\amazonaws\aws-java-sdk-mechanicalturkrequester\1.11.270\aws-java-sdk-mechanicalturkrequester-1.11.270.jar;C:\Users\jvendi\.m2\repository\com\amazonaws\aws-java-sdk-organizations\1.11.270\aws-java-sdk-organizations-1.11.270.jar;C:\Users\jvendi\.m2\repository\com\amazonaws\aws-java-sdk-workdocs\1.11.270\aws-java-sdk-workdocs-1.11.270.jar;C:\Users\jvendi\.m2\repository\com\amazonaws\aws-java-sdk-core\1.11.270\aws-java-sdk-core-1.11.270.jar;C:\Users\jvendi\.m2\repository\software\amazon\ion\ion-java\1.0.2\ion-java-1.0.2.jar;C:\Users\jvendi\.m2\repository\com\fasterxml\jackson\core\jackson-databind\2.6.7.1\jackson-databind-2.6.7.1.jar;C:\Users\jvendi\.m2\repository\com\fasterxml\jackson\core\jackson-annotations\2.6.0\jackson-annotations-2.6.0.jar;C:\Users\jvendi\.m2\repository\com\fasterxml\jackson\dataformat\jackson-dataformat-cbor\2.6.7\jackson-dataformat-cbor-2.6.7.jar;C:\Users\jvendi\.m2\repository\com\amazonaws\aws-java-sdk-models\1.11.270\aws-java-sdk-models-1.11.270.jar;C:\Users\jvendi\.m2\repository\com\amazonaws\aws-java-sdk-swf-libraries\1.11.22\aws-java-sdk-swf-libraries-1.11.22.jar;C:\Users\jvendi\.m2\repository\com\amazonaws\aws-java-sdk-sqs\1.11.270\aws-java-sdk-sqs-1.11.270.jar;C:\Users\jvendi\.m2\repository\com\amazonaws\jmespath-java\1.11.270\jmespath-java-1.11.270.jar;C:\Users\jvendi\.m2\repository\net\sourceforge\jexcelapi\jxl\2.6.12\jxl-2.6.12.jar;C:\Users\jvendi\.m2\repository\log4j\log4j\1.2.17\log4j-1.2.17.jar;C:\Users\jvendi\.m2\repository\org\slf4j\slf4j-log4j12\1.6.1\slf4j-log4j12-1.6.1.jar;C:\Users\jvendi\.m2\repository\org\slf4j\slf4j-api\1.6.1\slf4j-api-1.6.1.jar;C:\Users\jvendi\.m2\repository\net\sf\opencsv\opencsv\2.3\opencsv-2.3.jar;C:\Users\jvendi\.m2\repository\com\jcraft\jsch\0.1.49\jsch-0.1.49.jar;C:\Users\jvendi\.m2\repository\javax\persistence\persistence-api\1.0\persistence-api-1.0.jar;C:\Users\jvendi\.m2\repository\org\apache\ws\commons\schema\XmlSchema\1.4.2\XmlSchema-1.4.2.jar;C:\Users\jvendi\.m2\repository\xerces\xercesImpl\2.8.1\xercesImpl-2.8.1.jar;C:\Users\jvendi\.m2\repository\xml-apis\xml-apis\1.3.03\xml-apis-1.3.03.jar;C:\Users\jvendi\.m2\repository\org\skyscreamer\jsonassert\1.3.0\jsonassert-1.3.0.jar;C:\Users\jvendi\.m2\repository\wsdl4j\wsdl4j\1.6.2\wsdl4j-1.6.2.jar;C:\Users\jvendi\.m2\repository\org\apache\woden\woden-impl-dom\1.0M8\woden-impl-dom-1.0M8.jar;C:\Users\jvendi\.m2\repository\org\apache\ant\ant\1.7.0\ant-1.7.0.jar;C:\Users\jvendi\.m2\repository\org\apache\ant\ant-launcher\1.7.0\ant-launcher-1.7.0.jar;C:\Users\jvendi\.m2\repository\xerces\xmlParserAPIs\2.6.0\xmlParserAPIs-2.6.0.jar;C:\Users\jvendi\.m2\repository\org\codehaus\woodstox\wstx-asl\3.2.4\wstx-asl-3.2.4.jar;C:\Users\jvendi\.m2\repository\stax\stax-api\1.0.1\stax-api-1.0.1.jar;C:\Users\jvendi\.m2\repository\org\apache\woden\woden-api\1.0M8\woden-api-1.0M8.jar;C:\Users\jvendi\.m2\repository\org\apache\neethi\neethi\2.0.4\neethi-2.0.4.jar;C:\Users\jvendi\.m2\repository\commons-logging\commons-logging\1.1.1\commons-logging-1.1.1.jar;C:\Users\jvendi\.m2\repository\org\testng\testng\6.9.4\testng-6.9.4.jar;C:\Users\jvendi\.m2\repository\org\beanshell\bsh\2.0b4\bsh-2.0b4.jar;C:\Users\jvendi\.m2\repository\com\beust\jcommander\1.48\jcommander-1.48.jar;C:\Users\jvendi\.m2\repository\commons-codec\commons-codec\1.9\commons-codec-1.9.jar;C:\Users\jvendi\.m2\repository\backport-util-concurrent\backport-util-concurrent\3.1\backport-util-concurrent-3.1.jar;C:\Users\jvendi\.m2\repository\net\lingala\zip4j\zip4j\1.3.2\zip4j-1.3.2.jar;C:\Users\jvendi\.m2\repository\xmlunit\xmlunit\1.5\xmlunit-1.5.jar;C:\Users\jvendi\.m2\repository\org\apache\ws\commons\axiom\axiom-api\1.2.7\axiom-api-1.2.7.jar;C:\Users\jvendi\.m2\repository\org\apache\geronimo\specs\geronimo-activation_1.1_spec\1.0.1\geronimo-activation_1.1_spec-1.0.1.jar;C:\Users\jvendi\.m2\repository\jaxen\jaxen\1.1.1\jaxen-1.1.1.jar;C:\Users\jvendi\.m2\repository\org\apache\geronimo\specs\geronimo-stax-api_1.0_spec\1.0.1\geronimo-stax-api_1.0_spec-1.0.1.jar;C:\Users\jvendi\.m2\repository\javax\activation\activation\1.1\activation-1.1.jar;C:\Users\jvendi\.m2\repository\org\apache\ws\commons\axiom\axiom-impl\1.2.7\axiom-impl-1.2.7.jar;C:\Users\jvendi\.m2\repository\junit\junit\4.8.1\junit-4.8.1.jar;C:\Users\jvendi\.m2\repository\org\apache\axis2\axis2\1.4\axis2-1.4.jar;C:\Users\jvendi\.m2\repository\javax\mail\mail\1.4.7\mail-1.4.7.jar;C:\Users\jvendi\.m2\repository\org\apache\poi\poi\3.11-beta2\poi-3.11-beta2.jar;C:\Users\jvendi\.m2\repository\org\apache\poi\poi-ooxml\3.11-beta2\poi-ooxml-3.11-beta2.jar;C:\Users\jvendi\.m2\repository\org\apache\poi\poi-ooxml-schemas\3.11-beta2\poi-ooxml-schemas-3.11-beta2.jar;C:\Users\jvendi\.m2\repository\org\apache\xmlbeans\xmlbeans\2.6.0\xmlbeans-2.6.0.jar;C:\Users\jvendi\.m2\repository\org\codehaus\jackson\jackson-mapper-asl\1.8.5\jackson-mapper-asl-1.8.5.jar;C:\Users\jvendi\.m2\repository\com\fasterxml\jackson\core\jackson-core\2.6.0\jackson-core-2.6.0.jar;C:\Users\jvendi\.m2\repository\com\jayway\restassured\rest-assured\2.3.2\rest-assured-2.3.2.jar;C:\Users\jvendi\.m2\repository\org\codehaus\groovy\groovy\2.3.2\groovy-2.3.2.jar;C:\Users\jvendi\.m2\repository\org\codehaus\groovy\groovy-xml\2.3.2\groovy-xml-2.3.2.jar;C:\Users\jvendi\.m2\repository\org\apache\httpcomponents\httpmime\4.2.6\httpmime-4.2.6.jar;C:\Users\jvendi\.m2\repository\org\hamcrest\hamcrest-core\1.3\hamcrest-core-1.3.jar;C:\Users\jvendi\.m2\repository\org\ccil\cowan\tagsoup\tagsoup\1.2.1\tagsoup-1.2.1.jar;C:\Users\jvendi\.m2\repository\com\jayway\restassured\json-path\2.3.2\json-path-2.3.2.jar;C:\Users\jvendi\.m2\repository\org\codehaus\groovy\groovy-json\2.3.2\groovy-json-2.3.2.jar;C:\Users\jvendi\.m2\repository\com\jayway\restassured\rest-assured-common\2.3.2\rest-assured-common-2.3.2.jar;C:\Users\jvendi\.m2\repository\com\jayway\restassured\xml-path\2.3.2\xml-path-2.3.2.jar;C:\Users\jvendi\.m2\repository\org\apache\commons\commons-lang3\3.3.2\commons-lang3-3.3.2.jar;C:\Users\jvendi\.m2\repository\com\sun\jersey\jersey-client\1.19.1\jersey-client-1.19.1.jar;C:\Users\jvendi\.m2\repository\com\sun\jersey\jersey-core\1.19.1\jersey-core-1.19.1.jar;C:\Users\jvendi\.m2\repository\javax\ws\rs\jsr311-api\1.1.1\jsr311-api-1.1.1.jar;C:\Users\jvendi\.m2\repository\org\apache\httpcomponents\httpcore\4.4.6\httpcore-4.4.6.jar;C:\Users\jvendi\.m2\repository\org\apache\httpcomponents\httpclient\4.5.3\httpclient-4.5.3.jar;C:\Users\jvendi\.m2\repository\commons-httpclient\commons-httpclient\3.1\commons-httpclient-3.1.jar;C:\Users\jvendi\.m2\repository\org\springframework\spring\2.5.6\spring-2.5.6.jar;C:\Users\jvendi\.m2\repository\joda-time\joda-time\2.3\joda-time-2.3.jar;C:\Users\jvendi\.m2\repository\com\force\api\force-metadata-api\32.0.0\force-metadata-api-32.0.0.jar;C:\Users\jvendi\.m2\repository\com\force\api\force-wsc\27.0.0\force-wsc-27.0.0.jar;C:\Users\jvendi\.m2\repository\com\google\code\gson\gson\1.7.1\gson-1.7.1.jar;C:\Users\jvendi\.m2\repository\rhino\js\1.7R2\js-1.7R2.jar;C:\Users\jvendi\.m2\repository\com\force\api\force-partner-api\27.0.0\force-partner-api-27.0.0.jar;C:\Users\jvendi\.m2\repository\com\github\detro\ghostdriver\phantomjsdriver\1.0.3\phantomjsdriver-1.0.3.jar;C:\Users\jvendi\.m2\repository\org\seleniumhq\selenium\selenium-remote-driver\2.31.0\selenium-remote-driver-2.31.0.jar;C:\Users\jvendi\.m2\repository\cglib\cglib-nodep\2.1_3\cglib-nodep-2.1_3.jar;C:\Users\jvendi\.m2\repository\org\seleniumhq\selenium\selenium-api\2.31.0\selenium-api-2.31.0.jar;C:\Users\jvendi\.m2\repository\net\java\dev\jna\jna\3.4.0\jna-3.4.0.jar;C:\Users\jvendi\.m2\repository\net\java\dev\jna\platform\3.4.0\platform-3.4.0.jar;C:\Users\jvendi\.m2\repository\org\seleniumhq\selenium\selenium-java\2.31.0\selenium-java-2.31.0.jar;C:\Users\jvendi\.m2\repository\org\seleniumhq\selenium\selenium-android-driver\2.31.0\selenium-android-driver-2.31.0.jar;C:\Users\jvendi\.m2\repository\org\seleniumhq\selenium\selenium-chrome-driver\2.31.0\selenium-chrome-driver-2.31.0.jar;C:\Users\jvendi\.m2\repository\org\seleniumhq\selenium\selenium-htmlunit-driver\2.31.0\selenium-htmlunit-driver-2.31.0.jar;C:\Users\jvendi\.m2\repository\net\sourceforge\htmlunit\htmlunit\2.11\htmlunit-2.11.jar;C:\Users\jvendi\.m2\repository\xalan\xalan\2.7.1\xalan-2.7.1.jar;C:\Users\jvendi\.m2\repository\xalan\serializer\2.7.1\serializer-2.7.1.jar;C:\Users\jvendi\.m2\repository\commons-collections\commons-collections\3.2.1\commons-collections-3.2.1.jar;C:\Users\jvendi\.m2\repository\net\sourceforge\htmlunit\htmlunit-core-js\2.11\htmlunit-core-js-2.11.jar;C:\Users\jvendi\.m2\repository\net\sourceforge\nekohtml\nekohtml\1.9.17\nekohtml-1.9.17.jar;C:\Users\jvendi\.m2\repository\net\sourceforge\cssparser\cssparser\0.9.8\cssparser-0.9.8.jar;C:\Users\jvendi\.m2\repository\org\w3c\css\sac\1.3\sac-1.3.jar;C:\Users\jvendi\.m2\repository\org\eclipse\jetty\jetty-websocket\8.1.7.v20120910\jetty-websocket-8.1.7.v20120910.jar;C:\Users\jvendi\.m2\repository\org\eclipse\jetty\jetty-util\8.1.7.v20120910\jetty-util-8.1.7.v20120910.jar;C:\Users\jvendi\.m2\repository\org\eclipse\jetty\jetty-io\8.1.7.v20120910\jetty-io-8.1.7.v20120910.jar;C:\Users\jvendi\.m2\repository\org\eclipse\jetty\jetty-http\8.1.7.v20120910\jetty-http-8.1.7.v20120910.jar;C:\Users\jvendi\.m2\repository\org\seleniumhq\selenium\selenium-ie-driver\2.31.0\selenium-ie-driver-2.31.0.jar;C:\Users\jvendi\.m2\repository\org\seleniumhq\selenium\selenium-iphone-driver\2.31.0\selenium-iphone-driver-2.31.0.jar;C:\Users\jvendi\.m2\repository\org\seleniumhq\selenium\selenium-safari-driver\2.31.0\selenium-safari-driver-2.31.0.jar;C:\Users\jvendi\.m2\repository\org\seleniumhq\selenium\selenium-support\2.31.0\selenium-support-2.31.0.jar;C:\Users\jvendi\.m2\repository\org\webbitserver\webbit\0.4.14\webbit-0.4.14.jar;C:\Users\jvendi\.m2\repository\io\netty\netty\3.5.2.Final\netty-3.5.2.Final.jar;C:\Users\jvendi\.m2\repository\picocontainer\picocontainer\3\picocontainer-3.jar;C:\Users\jvendi\.m2\repository\org\hamcrest\hamcrest-library\1.3\hamcrest-library-1.3.jar;C:\Users\jvendi\.m2\repository\org\seleniumhq\selenium\selenium-server\2.42.2\selenium-server-2.42.2.jar;C:\Users\jvendi\.m2\repository\org\bouncycastle\bcprov-jdk15on\1.48\bcprov-jdk15on-1.48.jar;C:\Users\jvendi\.m2\repository\org\bouncycastle\bcpkix-jdk15on\1.48\bcpkix-jdk15on-1.48.jar;C:\Users\jvendi\.m2\repository\mx4j\mx4j-tools\3.0.1\mx4j-tools-3.0.1.jar;C:\Users\jvendi\.m2\repository\org\mortbay\jetty\servlet-api-2.5\6.1.9\servlet-api-2.5-6.1.9.jar;C:\Users\jvendi\.m2\repository\org\seleniumhq\selenium\jetty-repacked\7.6.1\jetty-repacked-7.6.1.jar;C:\Users\jvendi\.m2\repository\net\jcip\jcip-annotations\1.0\jcip-annotations-1.0.jar;C:\Users\jvendi\.m2\repository\org\yaml\snakeyaml\1.8\snakeyaml-1.8.jar;C:\Users\jvendi\.m2\repository\org\seleniumhq\selenium\selenium-firefox-driver\2.40.0\selenium-firefox-driver-2.40.0.jar;C:\Users\jvendi\.m2\repository\commons-io\commons-io\2.2\commons-io-2.2.jar;C:\Users\jvendi\.m2\repository\org\apache\commons\commons-exec\1.1\commons-exec-1.1.jar;C:\Users\jvendi\.m2\repository\org\json\json\20090211\json-20090211.jar;C:\Users\jvendi\.m2\repository\com\amazonaws\amazon-sqs-java-messaging-lib\1.0.4\amazon-sqs-java-messaging-lib-1.0.4.jar;C:\Users\jvendi\.m2\repository\org\apache\geronimo\specs\geronimo-jms_1.1_spec\1.1.1\geronimo-jms_1.1_spec-1.1.1.jar;C:\Users\jvendi\.m2\repository\com\mpatric\mp3agic\0.8.1\mp3agic-0.8.1.jar;C:\Users\jvendi\.m2\repository\org\quartz-scheduler\quartz\2.3.0\quartz-2.3.0.jar;C:\Users\jvendi\.m2\repository\com\mchange\c3p0\0.9.5.2\c3p0-0.9.5.2.jar;C:\Users\jvendi\.m2\repository\com\mchange\mchange-commons-java\0.2.11\mchange-commons-java-0.2.11.jar;C:\Users\jvendi\.m2\repository\com\zaxxer\HikariCP-java6\2.3.13\HikariCP-java6-2.3.13.jar;C:\Users\jvendi\.m2\repository\info\cukes\cucumber-jvm-deps\1.0.5\cucumber-jvm-deps-1.0.5.jar;C:\Users\jvendi\.m2\repository\info\cukes\cucumber-java\1.2.5\cucumber-java-1.2.5.jar;C:\Users\jvendi\.m2\repository\info\cukes\cucumber-core\1.2.5\cucumber-core-1.2.5.jar;C:\Users\jvendi\.m2\repository\info\cukes\cucumber-html\0.2.3\cucumber-html-0.2.3.jar;C:\Users\jvendi\.m2\repository\info\cukes\gherkin\2.12.2\gherkin-2.12.2.jar;C:\Users\jvendi\.m2\repository\info\cukes\cucumber-testng\1.2.5\cucumber-testng-1.2.5.jar;C:\Users\jvendi\.m2\repository\org\apache\maven\surefire\surefire-testng-utils\2.21.0\surefire-testng-utils-2.21.0.jar;C:\Users\jvendi\.m2\repository\org\apache\maven\surefire\surefire-grouper\2.21.0\surefire-grouper-2.21.0.jar;"/>
    <property name="sun.cpu.endian" value="little"/>
    <property name="user.home" value="C:\Users\jvendi"/>
    <property name="user.language" value="en"/>
    <property name="java.specification.vendor" value="Oracle Corporation"/>
    <property name="java.home" value="C:\Program Files\Java\jdk1.8.0_65\jre"/>
    <property name="basedir" value="C:\Users\jvendi\Downloads\GITJagsPracticeFrom\jagsEvergreen"/>
    <property name="file.separator" value="\"/>
    <property name="line.separator" value="&#10;"/>
    <property name="java.vm.specification.vendor" value="Oracle Corporation"/>
    <property name="java.specification.name" value="Java Platform API Specification"/>
    <property name="java.awt.graphicsenv" value="sun.awt.Win32GraphicsEnvironment"/>
    <property name="surefire.real.class.path" value="C:\Users\jvendi\AppData\Local\Temp\surefire3428142765134876083\surefirebooter4664832636802001033.jar"/>
    <property name="sun.boot.class.path" value="C:\Program Files\Java\jdk1.8.0_65\jre\lib\resources.jar;C:\Program Files\Java\jdk1.8.0_65\jre\lib\rt.jar;C:\Program Files\Java\jdk1.8.0_65\jre\lib\sunrsasign.jar;C:\Program Files\Java\jdk1.8.0_65\jre\lib\jsse.jar;C:\Program Files\Java\jdk1.8.0_65\jre\lib\jce.jar;C:\Program Files\Java\jdk1.8.0_65\jre\lib\charsets.jar;C:\Program Files\Java\jdk1.8.0_65\jre\lib\jfr.jar;C:\Program Files\Java\jdk1.8.0_65\jre\classes"/>
    <property name="user.script" value=""/>
    <property name="sun.management.compiler" value="HotSpot 64-Bit Tiered Compilers"/>
    <property name="java.runtime.version" value="1.8.0_65-b17"/>
    <property name="user.name" value="jvendi"/>
    <property name="path.separator" value=";"/>
    <property name="os.version" value="6.1"/>
    <property name="java.endorsed.dirs" value="C:\Program Files\Java\jdk1.8.0_65\jre\lib\endorsed"/>
    <property name="java.runtime.name" value="Java(TM) SE Runtime Environment"/>
    <property name="file.encoding" value="Cp1252"/>
    <property name="java.vm.name" value="Java HotSpot(TM) 64-Bit Server VM"/>
    <property name="localRepository" value="C:\Users\jvendi\.m2\repository"/>
    <property name="cucumber.options" value="--tags @hmp  --plugin  html:target/cucumber/SI/Health/   --plugin  json:target/cucumber/SI/Health/cucumber.json"/>
    <property name="java.vendor.url.bug" value="http://bugreport.sun.com/bugreport/"/>
    <property name="java.io.tmpdir" value="C:\Users\jvendi\AppData\Local\Temp\"/>
    <property name="idea.version" value="2017.1.3"/>
    <property name="java.version" value="1.8.0_65"/>
    <property name="user.dir" value="C:\Users\jvendi\Downloads\GITJagsPracticeFrom\jagsEvergreen"/>
    <property name="os.arch" value="amd64"/>
    <property name="java.vm.specification.name" value="Java Virtual Machine Specification"/>
    <property name="java.awt.printerjob" value="sun.awt.windows.WPrinterJob"/>
    <property name="sun.os.patch.level" value="Service Pack 1"/>
    <property name="java.library.path" value="C:\Program Files\Java\jdk1.8.0_65\jre\bin;C:\WINDOWS\Sun\Java\bin;C:\WINDOWS\system32;C:\WINDOWS;C:\ProgramData\Oracle\Java\javapath;C:\WINDOWS\system32;C:\WINDOWS;C:\WINDOWS\System32\Wbem;C:\WINDOWS\System32\WindowsPowerShell\v1.0\;C:\Program Files (x86)\Citrix\system32\;C:\MAVEN\bin;C:\Program Files\Java\jdk1.8.0_65\bin;C:\Program Files\Amazon\AWSCLI\;C:\Program Files (x86)\QuickTime\QTSystem\;C:\Program Files\nodejs\;C:\Users\jvendi\AppData\Roaming\npm;."/>
    <property name="java.vm.info" value="mixed mode"/>
    <property name="java.vendor" value="Oracle Corporation"/>
    <property name="java.vm.version" value="25.65-b01"/>
    <property name="java.ext.dirs" value="C:\Program Files\Java\jdk1.8.0_65\jre\lib\ext;C:\WINDOWS\Sun\Java\lib\ext"/>
    <property name="sun.io.unicode.encoding" value="UnicodeLittle"/>
    <property name="java.class.version" value="52.0"/>
  </properties>
  <testcase name="feature" classname="RunCukesTest" time="5.063">
    <failure message="java.lang.AssertionError: expected [false] but found [true]" type="cucumber.runtime.CucumberException">cucumber.runtime.CucumberException: java.lang.AssertionError: expected [false] but found [true]
Caused by: java.lang.AssertionError: expected [false] but found [true]
</failure>
    <system-err><![CDATA[Starting ChromeDriver 2.33.506120 (e3e53437346286c0bc2d2dc9aa4915ba81d9023f) on port 47017
Only local connections are allowed.
log4j:WARN No appenders could be found for logger (org.apache.http.impl.conn.tsccm.ThreadSafeClientConnManager).
log4j:WARN Please initialize the log4j system properly.
log4j:WARN See http://logging.apache.org/log4j/1.2/faq.html#noconfig for more info.
]]></system-err>
  </testcase>
</testsuite>